#
# A fatal error has been detected by the Java Runtime Environment:
#
#  SIGSEGV (0xb) at pc=0x00000001169bac29, pid=74705, tid=0x000000000000cd03
#
# JRE version: Java(TM) SE Runtime Environment (8.0_181-b13) (build 1.8.0_181-b13)
# Java VM: Java HotSpot(TM) 64-Bit Server VM (25.181-b13 mixed mode bsd-amd64 compressed oops)
# Problematic frame:
# J 15517 C2 org.apache.spark.sql.execution.aggregate.TungstenAggregationIterator.next()Lorg/apache/spark/sql/catalyst/expressions/UnsafeRow; (137 bytes) @ 0x00000001169bac29 [0x00000001169baaa0+0x189]
#
# Failed to write core dump. Core dumps have been disabled. To enable core dumping, try "ulimit -c unlimited" before starting Java again
#
# If you would like to submit a bug report, please visit:
#   http://bugreport.java.com/bugreport/crash.jsp
#

---------------  T H R E A D  ---------------

Current thread (0x00007fe806634000):  JavaThread "stdout writer for python3" daemon [_thread_in_Java, id=52483, stack(0x0000700008c57000,0x0000700008d57000)]

siginfo: si_signo: 11 (SIGSEGV), si_code: 1 (SEGV_MAPERR), si_addr: 0x00000000000296d4

Registers:
RAX=0x00000000000296d4, RBX=0x00000000f7d429e8, RCX=0x00000007bf47ae00, RDX=0x000000010c974000
RSP=0x0000700008d55b30, RBP=0x00000000f7d42705, RSI=0x00000007bf469cb0, RDI=0x000000000000019c
R8 =0x0000000000000000, R9 =0x00000000000296dc, R10=0x00000000f7d429e0, R11=0x00000000000296d4
R12=0x0000000000000000, R13=0x0000000000000002, R14=0x00000000000001ba, R15=0x00007fe806634000
RIP=0x00000001169bac29, EFLAGS=0x0000000000010206, ERR=0x0000000000000004
  TRAPNO=0x000000000000000e

Top of Stack: (sp=0x0000700008d55b30)
0x0000700008d55b30:   00000007bea15890 00000001150ab29a
0x0000700008d55b40:   00000007bf6c8200 000000020000000f
0x0000700008d55b50:   0000000700000008 00000007bf46a008
0x0000700008d55b60:   0000000785045510 0000000100000160
0x0000700008d55b70:   00000007bf7d2500 0000000114f69314
0x0000700008d55b80:   00000000000000d8 0000700008d56a00
0x0000700008d55b90:   00000007bf7d2500 0000000116ea53ac
0x0000700008d55ba0:   0000000000000000 00007fe806634000
0x0000700008d55bb0:   0000700008d55b00 0000700008d55c60
0x0000700008d55bc0:   00000001143e0147 00000001143e0010
0x0000700008d55bd0:   0000700000000000 0000700008d55e30
0x0000700008d55be0:   0000700008d55c60 0000000112febd40
0x0000700008d55bf0:   00007fe806634000 00007fe806634000
0x0000700008d55c00:   00007fe806634000 0000700008d55cb0
0x0000700008d55c10:   00000001143e0147 00000001143e0010
0x0000700008d55c20:   0000000100000000 00007fe806634000
0x0000700008d55c30:   00000007bea15660 00000007bf46a008
0x0000700008d55c40:   00000007b96e82b8 00000007b96e82d8
0x0000700008d55c50:   00000007b96e82f8 00000007b96e8318
0x0000700008d55c60:   00000007b96e8338 00000007b96e8358
0x0000700008d55c70:   00000007b96e8378 00000007b96e8398
0x0000700008d55c80:   00000007b96e83b8 00000007bf7d25b8
0x0000700008d55c90:   0000000000000010 00000007b96e8418
0x0000700008d55ca0:   00000007b96e8438 0000000700000160
0x0000700008d55cb0:   0000000000000002 000000011692e261
0x0000700008d55cc0:   00000007bf47b2c8 00000007bf7d2550
0x0000700008d55cd0:   0000000000000000 00000001150ab33b
0x0000700008d55ce0:   0000000000000000 00000001150ab33b
0x0000700008d55cf0:   00000007bf7d3130 000000080000005a
0x0000700008d55d00:   00000007bf7d2950 00000007bf7d3800
0x0000700008d55d10:   0000000000000010 8000000000000008
0x0000700008d55d20:   0000700008d55d98 0000700008d55db4 

Instructions: (pc=0x00000001169bac29)
0x00000001169bac09:   ec 0c 47 89 44 d4 30 4c 8b c8 49 83 c1 08 49 c1
0x00000001169bac19:   eb 09 46 88 24 1a 4d 8b d8 49 c1 e3 03 4c 03 d8
0x00000001169bac29:   45 8b 03 45 8b 5b 04 47 89 5c d4 24 4f 89 4c d4
0x00000001169bac39:   10 45 2b c3 41 ff 4c dc 18 45 8b 4c dc 20 83 c7 

Register to memory mapping:

RAX=0x00000000000296d4 is an unknown value
RBX=0x00000000f7d429e8 is an unknown value
RCX=0x00000007bf47ae00 is an oop
org.apache.spark.sql.execution.UnsafeFixedWidthAggregationMap$1 
 - klass: 'org/apache/spark/sql/execution/UnsafeFixedWidthAggregationMap$1'
RDX=0x000000010c974000 is an unknown value
RSP=0x0000700008d55b30 is pointing into the stack for thread: 0x00007fe806634000
RBP=0x00000000f7d42705 is an unknown value
RSI=0x00000007bf469cb0 is an oop
org.apache.spark.sql.catalyst.expressions.GeneratedClass$SpecificUnsafeProjection 
 - klass: 'org/apache/spark/sql/catalyst/expressions/GeneratedClass$SpecificUnsafeProjection'
RDI=0x000000000000019c is an unknown value
R8 =0x0000000000000000 is an unknown value
R9 =0x00000000000296dc is an unknown value
R10=0x00000000f7d429e0 is an unknown value
R11=0x00000000000296d4 is an unknown value
R12=0x0000000000000000 is an unknown value
R13=0x0000000000000002 is an unknown value
R14=0x00000000000001ba is an unknown value
R15=0x00007fe806634000 is a thread


Stack: [0x0000700008c57000,0x0000700008d57000],  sp=0x0000700008d55b30,  free space=1018k
Native frames: (J=compiled Java code, j=interpreted, Vv=VM code, C=native code)
J 15517 C2 org.apache.spark.sql.execution.aggregate.TungstenAggregationIterator.next()Lorg/apache/spark/sql/catalyst/expressions/UnsafeRow; (137 bytes) @ 0x00000001169bac29 [0x00000001169baaa0+0x189]
J 15319 C2 org.apache.spark.sql.execution.aggregate.TungstenAggregationIterator.next()Ljava/lang/Object; (5 bytes) @ 0x0000000114f69314 [0x0000000114f692e0+0x34]
J 16700 C1 org.apache.spark.sql.catalyst.expressions.GeneratedClass$GeneratedIteratorForCodegenStage33.processNext()V (2145 bytes) @ 0x0000000116ea53ac [0x0000000116ea5080+0x32c]
J 8066 C2 org.apache.spark.sql.execution.WholeStageCodegenExec$$anonfun$10$$anon$1.hasNext()Z (31 bytes) @ 0x0000000114cf5c14 [0x0000000114cf5800+0x414]
J 6408 C2 scala.collection.Iterator$$anon$12.hasNext()Z (35 bytes) @ 0x000000011524ca00 [0x000000011524c7e0+0x220]
J 5149 C2 scala.collection.Iterator$$anon$11.hasNext()Z (10 bytes) @ 0x0000000114f9dca8 [0x0000000114f9dc60+0x48]
J 5149 C2 scala.collection.Iterator$$anon$11.hasNext()Z (10 bytes) @ 0x0000000114f9dca8 [0x0000000114f9dc60+0x48]
J 6408 C2 scala.collection.Iterator$$anon$12.hasNext()Z (35 bytes) @ 0x000000011524ca00 [0x000000011524c7e0+0x220]
J 5149 C2 scala.collection.Iterator$$anon$11.hasNext()Z (10 bytes) @ 0x0000000114f9dca8 [0x0000000114f9dc60+0x48]
J 5149 C2 scala.collection.Iterator$$anon$11.hasNext()Z (10 bytes) @ 0x0000000114f9dca8 [0x0000000114f9dc60+0x48]
J 6408 C2 scala.collection.Iterator$$anon$12.hasNext()Z (35 bytes) @ 0x000000011524ca00 [0x000000011524c7e0+0x220]
J 5149 C2 scala.collection.Iterator$$anon$11.hasNext()Z (10 bytes) @ 0x0000000114f9dca8 [0x0000000114f9dc60+0x48]
J 5149 C2 scala.collection.Iterator$$anon$11.hasNext()Z (10 bytes) @ 0x0000000114f9dca8 [0x0000000114f9dc60+0x48]
J 6408 C2 scala.collection.Iterator$$anon$12.hasNext()Z (35 bytes) @ 0x000000011524ca00 [0x000000011524c7e0+0x220]
J 5149 C2 scala.collection.Iterator$$anon$11.hasNext()Z (10 bytes) @ 0x0000000114f9dca8 [0x0000000114f9dc60+0x48]
J 5149 C2 scala.collection.Iterator$$anon$11.hasNext()Z (10 bytes) @ 0x0000000114f9dca8 [0x0000000114f9dc60+0x48]
J 6408 C2 scala.collection.Iterator$$anon$12.hasNext()Z (35 bytes) @ 0x000000011524ca00 [0x000000011524c7e0+0x220]
J 5149 C2 scala.collection.Iterator$$anon$11.hasNext()Z (10 bytes) @ 0x0000000114f9dca8 [0x0000000114f9dc60+0x48]
J 5149 C2 scala.collection.Iterator$$anon$11.hasNext()Z (10 bytes) @ 0x0000000114f9dca8 [0x0000000114f9dc60+0x48]
J 6408 C2 scala.collection.Iterator$$anon$12.hasNext()Z (35 bytes) @ 0x000000011524ca00 [0x000000011524c7e0+0x220]
J 5149 C2 scala.collection.Iterator$$anon$11.hasNext()Z (10 bytes) @ 0x0000000114f9dca8 [0x0000000114f9dc60+0x48]
J 5149 C2 scala.collection.Iterator$$anon$11.hasNext()Z (10 bytes) @ 0x0000000114f9dca8 [0x0000000114f9dc60+0x48]
J 6408 C2 scala.collection.Iterator$$anon$12.hasNext()Z (35 bytes) @ 0x000000011524ca00 [0x000000011524c7e0+0x220]
J 5149 C2 scala.collection.Iterator$$anon$11.hasNext()Z (10 bytes) @ 0x0000000114f9dca8 [0x0000000114f9dc60+0x48]
J 5149 C2 scala.collection.Iterator$$anon$11.hasNext()Z (10 bytes) @ 0x0000000114f9dca8 [0x0000000114f9dc60+0x48]
J 6408 C2 scala.collection.Iterator$$anon$12.hasNext()Z (35 bytes) @ 0x000000011524ca00 [0x000000011524c7e0+0x220]
J 5149 C2 scala.collection.Iterator$$anon$11.hasNext()Z (10 bytes) @ 0x0000000114f9dca8 [0x0000000114f9dc60+0x48]
J 5149 C2 scala.collection.Iterator$$anon$11.hasNext()Z (10 bytes) @ 0x0000000114f9dca8 [0x0000000114f9dc60+0x48]
J 6408 C2 scala.collection.Iterator$$anon$12.hasNext()Z (35 bytes) @ 0x000000011524ca00 [0x000000011524c7e0+0x220]
J 5149 C2 scala.collection.Iterator$$anon$11.hasNext()Z (10 bytes) @ 0x0000000114f9dca8 [0x0000000114f9dc60+0x48]
J 5149 C2 scala.collection.Iterator$$anon$11.hasNext()Z (10 bytes) @ 0x0000000114f9dca8 [0x0000000114f9dc60+0x48]
J 6408 C2 scala.collection.Iterator$$anon$12.hasNext()Z (35 bytes) @ 0x000000011524ca00 [0x000000011524c7e0+0x220]
J 5149 C2 scala.collection.Iterator$$anon$11.hasNext()Z (10 bytes) @ 0x0000000114f9dca8 [0x0000000114f9dc60+0x48]
J 5149 C2 scala.collection.Iterator$$anon$11.hasNext()Z (10 bytes) @ 0x0000000114f9dca8 [0x0000000114f9dc60+0x48]
J 6408 C2 scala.collection.Iterator$$anon$12.hasNext()Z (35 bytes) @ 0x000000011524ca00 [0x000000011524c7e0+0x220]
J 5149 C2 scala.collection.Iterator$$anon$11.hasNext()Z (10 bytes) @ 0x0000000114f9dca8 [0x0000000114f9dc60+0x48]
J 5149 C2 scala.collection.Iterator$$anon$11.hasNext()Z (10 bytes) @ 0x0000000114f9dca8 [0x0000000114f9dc60+0x48]
J 6408 C2 scala.collection.Iterator$$anon$12.hasNext()Z (35 bytes) @ 0x000000011524ca00 [0x000000011524c7e0+0x220]
J 5149 C2 scala.collection.Iterator$$anon$11.hasNext()Z (10 bytes) @ 0x0000000114f9dca8 [0x0000000114f9dc60+0x48]
J 5149 C2 scala.collection.Iterator$$anon$11.hasNext()Z (10 bytes) @ 0x0000000114f9dca8 [0x0000000114f9dc60+0x48]
J 6408 C2 scala.collection.Iterator$$anon$12.hasNext()Z (35 bytes) @ 0x000000011524ca00 [0x000000011524c7e0+0x220]
J 5149 C2 scala.collection.Iterator$$anon$11.hasNext()Z (10 bytes) @ 0x0000000114f9dca8 [0x0000000114f9dc60+0x48]
J 5149 C2 scala.collection.Iterator$$anon$11.hasNext()Z (10 bytes) @ 0x0000000114f9dca8 [0x0000000114f9dc60+0x48]
J 5149 C2 scala.collection.Iterator$$anon$11.hasNext()Z (10 bytes) @ 0x0000000114f9dca8 [0x0000000114f9dc60+0x48]
j  org.apache.spark.api.python.SerDeUtil$AutoBatchedPickler.next()[B+4
j  org.apache.spark.api.python.SerDeUtil$AutoBatchedPickler.next()Ljava/lang/Object;+1
J 5848 C2 scala.collection.Iterator$class.foreach(Lscala/collection/Iterator;Lscala/Function1;)V (26 bytes) @ 0x00000001150cb9a4 [0x00000001150cb960+0x44]
j  org.apache.spark.api.python.SerDeUtil$AutoBatchedPickler.foreach(Lscala/Function1;)V+2
j  org.apache.spark.api.python.PythonRDD$.writeIteratorToStream(Lscala/collection/Iterator;Ljava/io/DataOutputStream;)V+9
j  org.apache.spark.api.python.PythonRunner$$anon$2.writeIteratorToStream(Ljava/io/DataOutputStream;)V+8
j  org.apache.spark.api.python.BasePythonRunner$WriterThread$$anonfun$run$1.apply()Ljava/lang/Object;+368
j  org.apache.spark.util.Utils$.logUncaughtExceptions(Lscala/Function0;)Ljava/lang/Object;+1
j  org.apache.spark.api.python.BasePythonRunner$WriterThread.run()V+11
v  ~StubRoutines::call_stub
V  [libjvm.dylib+0x2efcba]  JavaCalls::call_helper(JavaValue*, methodHandle*, JavaCallArguments*, Thread*)+0x6ae
V  [libjvm.dylib+0x2f045e]  JavaCalls::call_virtual(JavaValue*, KlassHandle, Symbol*, Symbol*, JavaCallArguments*, Thread*)+0x164
V  [libjvm.dylib+0x2f060a]  JavaCalls::call_virtual(JavaValue*, Handle, KlassHandle, Symbol*, Symbol*, Thread*)+0x4a
V  [libjvm.dylib+0x34aef9]  thread_entry(JavaThread*, Thread*)+0x7c
V  [libjvm.dylib+0x56fa7f]  JavaThread::thread_main_inner()+0x9b
V  [libjvm.dylib+0x57117a]  JavaThread::run()+0x1c2
V  [libjvm.dylib+0x48e342]  java_start(Thread*)+0xf6
C  [libsystem_pthread.dylib+0x3661]  _pthread_body+0x154
C  [libsystem_pthread.dylib+0x350d]  _pthread_body+0x0
C  [libsystem_pthread.dylib+0x2bf9]  thread_start+0xd
C  0x0000000000000000


---------------  P R O C E S S  ---------------

Java Threads: ( => current thread )
  0x00007fe803fd0000 JavaThread "Worker Monitor for python3" daemon [_thread_blocked, id=77059, stack(0x0000700008d5a000,0x0000700008e5a000)]
=>0x00007fe806634000 JavaThread "stdout writer for python3" daemon [_thread_in_Java, id=52483, stack(0x0000700008c57000,0x0000700008d57000)]
  0x00007fe8088cb800 JavaThread "stderr reader for python3" daemon [_thread_in_native, id=77571, stack(0x0000700008b54000,0x0000700008c54000)]
  0x00007fe80598d800 JavaThread "stdout reader for python3" daemon [_thread_in_native, id=51971, stack(0x0000700008a51000,0x0000700008b51000)]
  0x00007fe80598d000 JavaThread "process reaper" daemon [_thread_in_native, id=78083, stack(0x000070000292e000,0x0000700002956000)]
  0x00007fe808ad1800 JavaThread "Idle Worker Monitor for python3" daemon [_thread_blocked, id=51203, stack(0x000070000894e000,0x0000700008a4e000)]
  0x00007fe8062c6000 JavaThread "threadDeathWatcher-7-1" daemon [_thread_blocked, id=78595, stack(0x000070000884b000,0x000070000894b000)]
  0x00007fe805d40000 JavaThread "shuffle-server-5-2" daemon [_thread_in_native, id=50691, stack(0x0000700008748000,0x0000700008848000)]
  0x00007fe802b0e800 JavaThread "shuffle-client-4-1" daemon [_thread_in_native, id=79107, stack(0x0000700008645000,0x0000700008745000)]
  0x00007fe802dd3000 JavaThread "Executor task launch worker for task 133" daemon [_thread_blocked, id=79363, stack(0x0000700008542000,0x0000700008642000)]
  0x00007fe807352000 JavaThread "block-manager-slave-async-thread-pool-11" daemon [_thread_blocked, id=50179, stack(0x000070000843f000,0x000070000853f000)]
  0x00007fe803a60000 JavaThread "block-manager-slave-async-thread-pool-10" daemon [_thread_blocked, id=80131, stack(0x000070000833c000,0x000070000843c000)]
  0x00007fe8056bf000 JavaThread "block-manager-ask-thread-pool-5" daemon [_thread_blocked, id=49923, stack(0x0000700008239000,0x0000700008339000)]
  0x00007fe803a5f800 JavaThread "block-manager-ask-thread-pool-4" daemon [_thread_blocked, id=80643, stack(0x0000700008136000,0x0000700008236000)]
  0x00007fe802dd0000 JavaThread "block-manager-slave-async-thread-pool-9" daemon [_thread_blocked, id=80899, stack(0x0000700008033000,0x0000700008133000)]
  0x00007fe805fef800 JavaThread "block-manager-slave-async-thread-pool-8" daemon [_thread_blocked, id=49155, stack(0x0000700007f30000,0x0000700008030000)]
  0x00007fe8069fb000 JavaThread "block-manager-slave-async-thread-pool-7" daemon [_thread_blocked, id=48643, stack(0x0000700007e2d000,0x0000700007f2d000)]
  0x00007fe802bb0800 JavaThread "block-manager-slave-async-thread-pool-6" daemon [_thread_blocked, id=48131, stack(0x0000700007d2a000,0x0000700007e2a000)]
  0x00007fe802ef9800 JavaThread "broadcast-exchange-15" daemon [_thread_blocked, id=47875, stack(0x0000700007c27000,0x0000700007d27000)]
  0x00007fe8034c9800 JavaThread "broadcast-exchange-14" daemon [_thread_blocked, id=47363, stack(0x0000700007b24000,0x0000700007c24000)]
  0x00007fe806b8f800 JavaThread "broadcast-exchange-13" daemon [_thread_blocked, id=81923, stack(0x0000700007a21000,0x0000700007b21000)]
  0x00007fe805eb5000 JavaThread "broadcast-exchange-12" daemon [_thread_blocked, id=82179, stack(0x000070000791e000,0x0000700007a1e000)]
  0x00007fe8072ca800 JavaThread "broadcast-exchange-11" daemon [_thread_blocked, id=82435, stack(0x000070000781b000,0x000070000791b000)]
  0x00007fe80535b000 JavaThread "broadcast-exchange-10" daemon [_thread_blocked, id=82691, stack(0x0000700007718000,0x0000700007818000)]
  0x00007fe803825000 JavaThread "broadcast-exchange-9" daemon [_thread_blocked, id=82947, stack(0x0000700007615000,0x0000700007715000)]
  0x00007fe8020b3800 JavaThread "broadcast-exchange-8" daemon [_thread_blocked, id=46083, stack(0x0000700007512000,0x0000700007612000)]
  0x00007fe80551d800 JavaThread "broadcast-exchange-7" daemon [_thread_blocked, id=83715, stack(0x000070000740f000,0x000070000750f000)]
  0x00007fe802efc800 JavaThread "broadcast-exchange-6" daemon [_thread_blocked, id=84227, stack(0x000070000730c000,0x000070000740c000)]
  0x00007fe806d53800 JavaThread "broadcast-exchange-5" daemon [_thread_blocked, id=84739, stack(0x0000700007209000,0x0000700007309000)]
  0x00007fe802efb800 JavaThread "broadcast-exchange-4" daemon [_thread_blocked, id=84995, stack(0x0000700007106000,0x0000700007206000)]
  0x00007fe8070da800 JavaThread "broadcast-exchange-3" daemon [_thread_blocked, id=85251, stack(0x0000700007003000,0x0000700007103000)]
  0x00007fe806d53000 JavaThread "broadcast-exchange-2" daemon [_thread_blocked, id=45315, stack(0x0000700006f00000,0x0000700007000000)]
  0x00007fe802ce3000 JavaThread "broadcast-exchange-1" daemon [_thread_blocked, id=44803, stack(0x0000700006dfd000,0x0000700006efd000)]
  0x00007fe806ce6800 JavaThread "broadcast-exchange-0" daemon [_thread_blocked, id=44547, stack(0x0000700006cfa000,0x0000700006dfa000)]
  0x00007fe8066fb000 JavaThread "block-manager-ask-thread-pool-3" daemon [_thread_blocked, id=33543, stack(0x00007000068ee000,0x00007000069ee000)]
  0x00007fe805787800 JavaThread "block-manager-slave-async-thread-pool-5" daemon [_thread_blocked, id=33799, stack(0x00007000067eb000,0x00007000068eb000)]
  0x00007fe806ddb800 JavaThread "block-manager-slave-async-thread-pool-4" daemon [_thread_blocked, id=34311, stack(0x00007000066e8000,0x00007000067e8000)]
  0x00007fe805248800 JavaThread "block-manager-slave-async-thread-pool-3" daemon [_thread_blocked, id=33287, stack(0x00007000065e5000,0x00007000066e5000)]
  0x00007fe8060b7000 JavaThread "block-manager-ask-thread-pool-2" daemon [_thread_blocked, id=43783, stack(0x00007000064e2000,0x00007000065e2000)]
  0x00007fe803fb5000 JavaThread "Executor task launch worker for task 137" daemon [_thread_blocked, id=35079, stack(0x00007000063df000,0x00007000064df000)]
  0x00007fe806717000 JavaThread "Executor task launch worker for task 134" daemon [_thread_blocked, id=32519, stack(0x00007000062dc000,0x00007000063dc000)]
  0x00007fe80254c800 JavaThread "Executor task launch worker for task 136" daemon [_thread_blocked, id=32007, stack(0x00007000061d9000,0x00007000062d9000)]
  0x00007fe803088000 JavaThread "Executor task launch worker for task 132" daemon [_thread_blocked, id=31751, stack(0x0000700005fd3000,0x00007000060d3000)]
  0x00007fe80207e000 JavaThread "task-result-getter-3" daemon [_thread_blocked, id=44291, stack(0x0000700006bf7000,0x0000700006cf7000)]
  0x00007fe80670b000 JavaThread "task-result-getter-2" daemon [_thread_blocked, id=86275, stack(0x0000700006af4000,0x0000700006bf4000)]
  0x00007fe8060a6800 JavaThread "task-result-getter-1" daemon [_thread_blocked, id=86787, stack(0x00007000069f1000,0x0000700006af1000)]
  0x00007fe806320000 JavaThread "task-result-getter-0" daemon [_thread_blocked, id=31235, stack(0x00007000060d6000,0x00007000061d6000)]
  0x00007fe803848000 JavaThread "org.apache.hadoop.fs.FileSystem$Statistics$StatisticsDataReferenceCleaner" daemon [_thread_blocked, id=4359, stack(0x0000700005ed0000,0x0000700005fd0000)]
  0x00007fe804e6b800 JavaThread "spark-listener-group-streams" daemon [_thread_blocked, id=30467, stack(0x0000700005dcd000,0x0000700005ecd000)]
  0x00007fe8050b1000 JavaThread "element-tracking-store-worker" daemon [_thread_blocked, id=30211, stack(0x0000700005cca000,0x0000700005dca000)]
  0x00007fe8027b1800 JavaThread "spark-listener-group-executorManagement" daemon [_thread_blocked, id=29699, stack(0x0000700005bc7000,0x0000700005cc7000)]
  0x00007fe802db9000 JavaThread "spark-listener-group-appStatus" daemon [_thread_blocked, id=29443, stack(0x0000700005ac4000,0x0000700005bc4000)]
  0x00007fe802fe2800 JavaThread "context-cleaner-periodic-gc" daemon [_thread_blocked, id=35843, stack(0x00007000059c1000,0x0000700005ac1000)]
  0x00007fe8026bc000 JavaThread "Spark Context Cleaner" daemon [_thread_blocked, id=36099, stack(0x00007000058be000,0x00007000059be000)]
  0x00007fe803f73800 JavaThread "shuffle-server-5-1" daemon [_thread_in_native, id=28675, stack(0x00007000057bb000,0x00007000058bb000)]
  0x00007fe8034fc800 JavaThread "driver-heartbeater" daemon [_thread_blocked, id=36867, stack(0x00007000056b8000,0x00007000057b8000)]
  0x00007fe803e58800 JavaThread "dag-scheduler-event-loop" daemon [_thread_blocked, id=28163, stack(0x00007000055b5000,0x00007000056b5000)]
  0x00007fe803c34000 JavaThread "Timer-0" daemon [_thread_blocked, id=37123, stack(0x00007000054b2000,0x00007000055b2000)]
  0x00007fe8027b3000 JavaThread "netty-rpc-env-timeout" daemon [_thread_blocked, id=37379, stack(0x00007000053af000,0x00007000054af000)]
  0x00007fe802d50000 JavaThread "heartbeat-receiver-event-loop-thread" daemon [_thread_blocked, id=37891, stack(0x00007000052ac000,0x00007000053ac000)]
  0x00007fe8034f7000 JavaThread "SparkUI-37" daemon [_thread_blocked, id=27139, stack(0x00007000051a9000,0x00007000052a9000)]
  0x00007fe8026ed000 JavaThread "SparkUI-36" daemon [_thread_blocked, id=38403, stack(0x00007000050a6000,0x00007000051a6000)]
  0x00007fe8034f6000 JavaThread "SparkUI-35" daemon [_thread_blocked, id=38659, stack(0x0000700004fa3000,0x00007000050a3000)]
  0x00007fe803560000 JavaThread "SparkUI-34" daemon [_thread_blocked, id=38915, stack(0x0000700004ea0000,0x0000700004fa0000)]
  0x00007fe80269b800 JavaThread "SparkUI-33" daemon [_thread_blocked, id=39171, stack(0x0000700004d9d000,0x0000700004e9d000)]
  0x00007fe802757800 JavaThread "SparkUI-32-acceptor-0@4d0d8a9c-ServerConnector@43ca7d4d{HTTP/1.1,[http/1.1]}{0.0.0.0:4041}" daemon [_thread_in_native, id=39427, stack(0x0000700004c9a000,0x0000700004d9a000)]
  0x00007fe8034f8000 JavaThread "SparkUI-31" daemon [_thread_in_native, id=39939, stack(0x0000700004b97000,0x0000700004c97000)]
  0x00007fe803547000 JavaThread "SparkUI-30" daemon [_thread_in_native, id=25859, stack(0x0000700004a94000,0x0000700004b94000)]
  0x00007fe802628800 JavaThread "refresh progress" daemon [_thread_blocked, id=40707, stack(0x0000700004991000,0x0000700004a91000)]
  0x00007fe803dd7800 JavaThread "RemoteBlock-temp-file-clean-thread" daemon [_thread_blocked, id=25603, stack(0x000070000488e000,0x000070000498e000)]
  0x00007fe8034f5800 JavaThread "map-output-dispatcher-7" daemon [_thread_blocked, id=41219, stack(0x000070000478b000,0x000070000488b000)]
  0x00007fe8034f1800 JavaThread "map-output-dispatcher-6" daemon [_thread_blocked, id=24835, stack(0x0000700004688000,0x0000700004788000)]
  0x00007fe8034f0800 JavaThread "map-output-dispatcher-5" daemon [_thread_blocked, id=41475, stack(0x0000700004585000,0x0000700004685000)]
  0x00007fe8034f0000 JavaThread "map-output-dispatcher-4" daemon [_thread_blocked, id=41731, stack(0x0000700004482000,0x0000700004582000)]
  0x00007fe8034ef000 JavaThread "map-output-dispatcher-3" daemon [_thread_blocked, id=24067, stack(0x000070000437f000,0x000070000447f000)]
  0x00007fe803506000 JavaThread "map-output-dispatcher-2" daemon [_thread_blocked, id=23555, stack(0x000070000427c000,0x000070000437c000)]
  0x00007fe803572000 JavaThread "map-output-dispatcher-1" daemon [_thread_blocked, id=23299, stack(0x0000700004179000,0x0000700004279000)]
  0x00007fe802d3d000 JavaThread "map-output-dispatcher-0" daemon [_thread_blocked, id=23043, stack(0x0000700004076000,0x0000700004176000)]
  0x00007fe802d31800 JavaThread "rpc-server-3-1" daemon [_thread_in_native, id=42755, stack(0x0000700003f73000,0x0000700004073000)]
  0x00007fe8025d2000 JavaThread "dispatcher-event-loop-3" daemon [_thread_blocked, id=43011, stack(0x0000700003e70000,0x0000700003f70000)]
  0x00007fe8025c8800 JavaThread "dispatcher-event-loop-2" daemon [_thread_blocked, id=22275, stack(0x0000700003d6d000,0x0000700003e6d000)]
  0x00007fe8025c7800 JavaThread "dispatcher-event-loop-1" daemon [_thread_blocked, id=21763, stack(0x0000700003c6a000,0x0000700003d6a000)]
  0x00007fe802bd5000 JavaThread "dispatcher-event-loop-0" daemon [_thread_blocked, id=15619, stack(0x0000700003b67000,0x0000700003c67000)]
  0x00007fe802589800 JavaThread "Thread-3" [_thread_in_native, id=16387, stack(0x0000700003a64000,0x0000700003b64000)]
  0x00007fe802591800 JavaThread "Thread-2" [_thread_in_native, id=16899, stack(0x0000700003961000,0x0000700003a61000)]
  0x00007fe802594800 JavaThread "pool-1-thread-1" [_thread_blocked, id=17415, stack(0x000070000385e000,0x000070000395e000)]
  0x00007fe803805000 JavaThread "Service Thread" daemon [_thread_blocked, id=18435, stack(0x0000700003658000,0x0000700003758000)]
  0x00007fe803802000 JavaThread "C1 CompilerThread2" daemon [_thread_blocked, id=18691, stack(0x0000700003555000,0x0000700003655000)]
  0x00007fe80282e800 JavaThread "C2 CompilerThread1" daemon [_thread_in_native, id=14339, stack(0x0000700003452000,0x0000700003552000)]
  0x00007fe80282d000 JavaThread "C2 CompilerThread0" daemon [_thread_in_native, id=13827, stack(0x000070000334f000,0x000070000344f000)]
  0x00007fe80282c000 JavaThread "Signal Dispatcher" daemon [_thread_blocked, id=13319, stack(0x000070000324c000,0x000070000334c000)]
  0x00007fe803005000 JavaThread "Finalizer" daemon [_thread_blocked, id=20483, stack(0x0000700003149000,0x0000700003249000)]
  0x00007fe802803800 JavaThread "Reference Handler" daemon [_thread_blocked, id=20739, stack(0x0000700003046000,0x0000700003146000)]
  0x00007fe802801000 JavaThread "main" [_thread_in_native, id=10243, stack(0x0000700002a34000,0x0000700002b34000)]

Other Threads:
  0x00007fe803004800 VMThread [stack: 0x0000700002f43000,0x0000700003043000] [id=21251]
  0x00007fe803807800 WatcherThread [stack: 0x000070000375b000,0x000070000385b000] [id=17923]

VM state:not at safepoint (normal execution)

VM Mutex/Monitor currently owned by a thread: None

Heap:
 PSYoungGen      total 316416K, used 263455K [0x00000007aab00000, 0x00000007c0000000, 0x00000007c0000000)
  eden space 293888K, 83% used [0x00000007aab00000,0x00000007b9b68b70,0x00000007bca00000)
  from space 22528K, 76% used [0x00000007bea00000,0x00000007bfadf460,0x00000007c0000000)
  to   space 27648K, 0% used [0x00000007bca00000,0x00000007bca00000,0x00000007be500000)
 ParOldGen       total 300032K, used 189932K [0x0000000780000000, 0x0000000792500000, 0x00000007aab00000)
  object space 300032K, 63% used [0x0000000780000000,0x000000078b97b298,0x0000000792500000)
 Metaspace       used 83210K, capacity 86536K, committed 86656K, reserved 1124352K
  class space    used 11774K, capacity 12059K, committed 12160K, reserved 1048576K

Card table byte_map: [0x0000000110574000,0x0000000110775000] byte_map_base: 0x000000010c974000

Marking Bits: (ParMarkBitMap*) 0x000000010faf9cd0
 Begin Bits: [0x00000001108cb000, 0x00000001118cb000)
 End Bits:   [0x00000001118cb000, 0x00000001128cb000)

Polling page: 0x000000010e904000

CodeCache: size=245760Kb used=44842Kb max_used=44842Kb free=200917Kb
 bounds [0x00000001142e1000, 0x0000000116ef1000, 0x00000001232e1000]
 total_blobs=13577 nmethods=12895 adapters=591
 compilation: enabled

Compilation events (10 events):
Event: 445.103 Thread 0x00007fe803802000 nmethod 16706 0x00000001165d1050 code [0x00000001165d11a0, 0x00000001165d12b0]
Event: 445.103 Thread 0x00007fe803802000 16701       3       org.apache.spark.sql.catalyst.expressions.GeneratedClass$SpecificUnsafeProjection::apply (9 bytes)
Event: 445.103 Thread 0x00007fe803802000 nmethod 16701 0x00000001165d0b90 code [0x00000001165d0d00, 0x00000001165d0f88]
Event: 445.103 Thread 0x00007fe803802000 16702       3       org.apache.spark.sql.catalyst.expressions.GeneratedClass$SpecificUnsafeProjection::apply (183 bytes)
Event: 445.105 Thread 0x00007fe803802000 nmethod 16702 0x0000000116e50610 code [0x0000000116e50940, 0x0000000116e513b8]
Event: 445.105 Thread 0x00007fe803802000 16703       1       org.apache.spark.sql.catalyst.expressions.GenericRowWithSchema::schema (5 bytes)
Event: 445.105 Thread 0x00007fe803802000 nmethod 16703 0x00000001165d2ed0 code [0x00000001165d3020, 0x00000001165d3130]
Event: 445.138 Thread 0x00007fe803802000 16707       3       org.apache.spark.TaskContextImpl$$anonfun$invokeListeners$1::apply (9 bytes)
Event: 445.139 Thread 0x00007fe803802000 nmethod 16707 0x00000001165d2ad0 code [0x00000001165d2c40, 0x00000001165d2e48]
Event: 445.139 Thread 0x00007fe803802000 16708   !   3       org.apache.spark.TaskContextImpl$$anonfun$invokeListeners$1::apply (44 bytes)

GC Heap History (10 events):
Event: 441.671 GC heap before
{Heap before GC invocations=234 (full 6):
 PSYoungGen      total 325632K, used 305280K [0x00000007aab00000, 0x00000007bff80000, 0x00000007c0000000)
  eden space 305152K, 100% used [0x00000007aab00000,0x00000007bd500000,0x00000007bd500000)
  from space 20480K, 0% used [0x00000007bd500000,0x00000007bd520000,0x00000007be900000)
  to   space 19456K, 0% used [0x00000007bec80000,0x00000007bec80000,0x00000007bff80000)
 ParOldGen       total 300032K, used 158504K [0x0000000780000000, 0x0000000792500000, 0x00000007aab00000)
  object space 300032K, 52% used [0x0000000780000000,0x0000000789aca338,0x0000000792500000)
 Metaspace       used 80056K, capacity 81726K, committed 82048K, reserved 1120256K
  class space    used 11486K, capacity 11747K, committed 11904K, reserved 1048576K
Event: 441.674 GC heap after
Heap after GC invocations=234 (full 6):
 PSYoungGen      total 326144K, used 96K [0x00000007aab00000, 0x00000007bfd00000, 0x00000007c0000000)
  eden space 309248K, 0% used [0x00000007aab00000,0x00000007aab00000,0x00000007bd900000)
  from space 16896K, 0% used [0x00000007bec80000,0x00000007bec98000,0x00000007bfd00000)
  to   space 18432K, 0% used [0x00000007bd900000,0x00000007bd900000,0x00000007beb00000)
 ParOldGen       total 300032K, used 158504K [0x0000000780000000, 0x0000000792500000, 0x00000007aab00000)
  object space 300032K, 52% used [0x0000000780000000,0x0000000789aca338,0x0000000792500000)
 Metaspace       used 80056K, capacity 81726K, committed 82048K, reserved 1120256K
  class space    used 11486K, capacity 11747K, committed 11904K, reserved 1048576K
}
Event: 441.785 GC heap before
{Heap before GC invocations=235 (full 6):
 PSYoungGen      total 326144K, used 309344K [0x00000007aab00000, 0x00000007bfd00000, 0x00000007c0000000)
  eden space 309248K, 100% used [0x00000007aab00000,0x00000007bd900000,0x00000007bd900000)
  from space 16896K, 0% used [0x00000007bec80000,0x00000007bec98000,0x00000007bfd00000)
  to   space 18432K, 0% used [0x00000007bd900000,0x00000007bd900000,0x00000007beb00000)
 ParOldGen       total 300032K, used 158504K [0x0000000780000000, 0x0000000792500000, 0x00000007aab00000)
  object space 300032K, 52% used [0x0000000780000000,0x0000000789aca338,0x0000000792500000)
 Metaspace       used 80056K, capacity 81726K, committed 82048K, reserved 1120256K
  class space    used 11486K, capacity 11747K, committed 11904K, reserved 1048576K
Event: 441.788 GC heap after
Heap after GC invocations=235 (full 6):
 PSYoungGen      total 327680K, used 128K [0x00000007aab00000, 0x00000007bff80000, 0x00000007c0000000)
  eden space 309248K, 0% used [0x00000007aab00000,0x00000007aab00000,0x00000007bd900000)
  from space 18432K, 0% used [0x00000007bd900000,0x00000007bd920000,0x00000007beb00000)
  to   space 17408K, 0% used [0x00000007bee80000,0x00000007bee80000,0x00000007bff80000)
 ParOldGen       total 300032K, used 158512K [0x0000000780000000, 0x0000000792500000, 0x00000007aab00000)
  object space 300032K, 52% used [0x0000000780000000,0x0000000789acc338,0x0000000792500000)
 Metaspace       used 80056K, capacity 81726K, committed 82048K, reserved 1120256K
  class space    used 11486K, capacity 11747K, committed 11904K, reserved 1048576K
}
Event: 442.029 GC heap before
{Heap before GC invocations=236 (full 6):
 PSYoungGen      total 327680K, used 309376K [0x00000007aab00000, 0x00000007bff80000, 0x00000007c0000000)
  eden space 309248K, 100% used [0x00000007aab00000,0x00000007bd900000,0x00000007bd900000)
  from space 18432K, 0% used [0x00000007bd900000,0x00000007bd920000,0x00000007beb00000)
  to   space 17408K, 0% used [0x00000007bee80000,0x00000007bee80000,0x00000007bff80000)
 ParOldGen       total 300032K, used 158512K [0x0000000780000000, 0x0000000792500000, 0x00000007aab00000)
  object space 300032K, 52% used [0x0000000780000000,0x0000000789acc338,0x0000000792500000)
 Metaspace       used 80253K, capacity 82062K, committed 82304K, reserved 1120256K
  class space    used 11495K, capacity 11755K, committed 11904K, reserved 1048576K
Event: 442.034 GC heap after
Heap after GC invocations=236 (full 6):
 PSYoungGen      total 324608K, used 16877K [0x00000007aab00000, 0x00000007c0000000, 0x00000007c0000000)
  eden space 307200K, 0% used [0x00000007aab00000,0x00000007aab00000,0x00000007bd700000)
  from space 17408K, 96% used [0x00000007bee80000,0x00000007bfefb4d0,0x00000007bff80000)
  to   space 20992K, 0% used [0x00000007bd700000,0x00000007bd700000,0x00000007beb80000)
 ParOldGen       total 300032K, used 158512K [0x0000000780000000, 0x0000000792500000, 0x00000007aab00000)
  object space 300032K, 52% used [0x0000000780000000,0x0000000789acc338,0x0000000792500000)
 Metaspace       used 80253K, capacity 82062K, committed 82304K, reserved 1120256K
  class space    used 11495K, capacity 11755K, committed 11904K, reserved 1048576K
}
Event: 442.576 GC heap before
{Heap before GC invocations=237 (full 6):
 PSYoungGen      total 324608K, used 324077K [0x00000007aab00000, 0x00000007c0000000, 0x00000007c0000000)
  eden space 307200K, 100% used [0x00000007aab00000,0x00000007bd700000,0x00000007bd700000)
  from space 17408K, 96% used [0x00000007bee80000,0x00000007bfefb4d0,0x00000007bff80000)
  to   space 20992K, 0% used [0x00000007bd700000,0x00000007bd700000,0x00000007beb80000)
 ParOldGen       total 300032K, used 158512K [0x0000000780000000, 0x0000000792500000, 0x00000007aab00000)
  object space 300032K, 52% used [0x0000000780000000,0x0000000789acc338,0x0000000792500000)
 Metaspace       used 80682K, capacity 82578K, committed 82816K, reserved 1120256K
  class space    used 11518K, capacity 11789K, committed 11904K, reserved 1048576K
Event: 442.582 GC heap after
Heap after GC invocations=237 (full 6):
 PSYoungGen      total 326656K, used 19392K [0x00000007aab00000, 0x00000007c0000000, 0x00000007c0000000)
  eden space 307200K, 0% used [0x00000007aab00000,0x00000007aab00000,0x00000007bd700000)
  from space 19456K, 99% used [0x00000007bd700000,0x00000007be9f01e0,0x00000007bea00000)
  to   space 22528K, 0% used [0x00000007bea00000,0x00000007bea00000,0x00000007c0000000)
 ParOldGen       total 300032K, used 173919K [0x0000000780000000, 0x0000000792500000, 0x00000007aab00000)
  object space 300032K, 57% used [0x0000000780000000,0x000000078a9d7d20,0x0000000792500000)
 Metaspace       used 80682K, capacity 82578K, committed 82816K, reserved 1120256K
  class space    used 11518K, capacity 11789K, committed 11904K, reserved 1048576K
}
Event: 443.249 GC heap before
{Heap before GC invocations=238 (full 6):
 PSYoungGen      total 326656K, used 326592K [0x00000007aab00000, 0x00000007c0000000, 0x00000007c0000000)
  eden space 307200K, 100% used [0x00000007aab00000,0x00000007bd700000,0x00000007bd700000)
  from space 19456K, 99% used [0x00000007bd700000,0x00000007be9f01e0,0x00000007bea00000)
  to   space 22528K, 0% used [0x00000007bea00000,0x00000007bea00000,0x00000007c0000000)
 ParOldGen       total 300032K, used 173919K [0x0000000780000000, 0x0000000792500000, 0x00000007aab00000)
  object space 300032K, 57% used [0x0000000780000000,0x000000078a9d7d20,0x0000000792500000)
 Metaspace       used 82210K, capacity 84874K, committed 84992K, reserved 1122304K
  class space    used 11676K, capacity 11964K, committed 12032K, reserved 1048576K
Event: 443.256 GC heap after
Heap after GC invocations=238 (full 6):
 PSYoungGen      total 316416K, used 17277K [0x00000007aab00000, 0x00000007c0000000, 0x00000007c0000000)
  eden space 293888K, 0% used [0x00000007aab00000,0x00000007aab00000,0x00000007bca00000)
  from space 22528K, 76% used [0x00000007bea00000,0x00000007bfadf460,0x00000007c0000000)
  to   space 27648K, 0% used [0x00000007bca00000,0x00000007bca00000,0x00000007be500000)
 ParOldGen       total 300032K, used 189932K [0x0000000780000000, 0x0000000792500000, 0x00000007aab00000)
  object space 300032K, 63% used [0x0000000780000000,0x000000078b97b298,0x0000000792500000)
 Metaspace       used 82210K, capacity 84874K, committed 84992K, reserved 1122304K
  class space    used 11676K, capacity 11964K, committed 12032K, reserved 1048576K
}

Deoptimization events (10 events):
Event: 444.919 Thread 0x00007fe80598d800 Uncommon trap: reason=class_check action=maybe_recompile pc=0x0000000115073ecc method=scala.util.control.Exception$Catch.apply(Lscala/Function0;)Ljava/lang/Object; @ 1
Event: 444.920 Thread 0x00007fe803fb5000 Uncommon trap: reason=unstable_if action=reinterpret pc=0x0000000115d7a3d4 method=java.net.URI$Parser.scan(IIJJ)I @ 25
Event: 444.932 Thread 0x00007fe803fb5000 Uncommon trap: reason=class_check action=maybe_recompile pc=0x000000011569108c method=org.apache.spark.InterruptibleIterator.hasNext()Z @ 11
Event: 444.937 Thread 0x00007fe806634000 Uncommon trap: reason=unstable_if action=reinterpret pc=0x0000000115509cc0 method=org.apache.spark.sql.catalyst.expressions.JoinedRow.isNullAt(I)Z @ 8
Event: 444.937 Thread 0x00007fe806634000 Uncommon trap: reason=unstable_if action=reinterpret pc=0x000000011550b480 method=org.apache.spark.sql.catalyst.expressions.JoinedRow.getUTF8String(I)Lorg/apache/spark/unsafe/types/UTF8String; @ 8
Event: 444.937 Thread 0x00007fe806634000 Uncommon trap: reason=unstable_if action=reinterpret pc=0x000000011597333c method=org.apache.spark.sql.catalyst.expressions.JoinedRow.getInt(I)I @ 8
Event: 444.941 Thread 0x00007fe806634000 Uncommon trap: reason=unstable_if action=reinterpret pc=0x00000001147477b4 method=org.apache.spark.sql.catalyst.expressions.UnsafeRow.get(ILorg/apache/spark/sql/types/DataType;)Ljava/lang/Object; @ 69
Event: 445.051 Thread 0x00007fe806634000 Uncommon trap: reason=unstable_if action=reinterpret pc=0x000000011574732c method=java.io.BufferedOutputStream.write([BII)V @ 6
Event: 445.134 Thread 0x00007fe803fb5000 Uncommon trap: reason=class_check action=maybe_recompile pc=0x0000000114786380 method=org.apache.spark.InterruptibleIterator.next()Ljava/lang/Object; @ 4
Event: 445.139 Thread 0x00007fe803fb5000 Uncommon trap: reason=unloaded action=reinterpret pc=0x0000000114b30ef8 method=org.apache.spark.memory.TaskMemoryManager.cleanUpAllAllocatedMemory()J @ 47

Classes redefined (0 events):
No events

Internal exceptions (10 events):
Event: 442.527 Thread 0x00007fe802589800 Exception <a 'java/lang/NoSuchMethodError': <clinit>> (0x00000007bc08c210) thrown at [/Users/java_re/workspace/8-2-build-macosx-x86_64/jdk8u181/11358/hotspot/src/share/vm/prims/jni.cpp, line 1613]
Event: 442.528 Thread 0x00007fe802589800 Exception <a 'java/lang/NoSuchMethodError': <clinit>> (0x00000007bc0a8b48) thrown at [/Users/java_re/workspace/8-2-build-macosx-x86_64/jdk8u181/11358/hotspot/src/share/vm/prims/jni.cpp, line 1613]
Event: 442.532 Thread 0x00007fe802589800 Exception <a 'java/lang/NoSuchMethodError': <clinit>> (0x00000007bc1136f0) thrown at [/Users/java_re/workspace/8-2-build-macosx-x86_64/jdk8u181/11358/hotspot/src/share/vm/prims/jni.cpp, line 1613]
Event: 442.642 Thread 0x00007fe802589800 Exception <a 'java/lang/NoSuchMethodError': <clinit>> (0x00000007ac2dc2d0) thrown at [/Users/java_re/workspace/8-2-build-macosx-x86_64/jdk8u181/11358/hotspot/src/share/vm/prims/jni.cpp, line 1613]
Event: 442.702 Thread 0x00007fe802589800 Exception <a 'java/lang/NoSuchMethodError': <clinit>> (0x00000007accf0ab8) thrown at [/Users/java_re/workspace/8-2-build-macosx-x86_64/jdk8u181/11358/hotspot/src/share/vm/prims/jni.cpp, line 1613]
Event: 442.728 Thread 0x00007fe802589800 Exception <a 'java/lang/NoSuchMethodError': <clinit>> (0x00000007ad0979e8) thrown at [/Users/java_re/workspace/8-2-build-macosx-x86_64/jdk8u181/11358/hotspot/src/share/vm/prims/jni.cpp, line 1613]
Event: 442.735 Thread 0x00007fe802589800 Exception <a 'java/lang/NoSuchMethodError': <clinit>> (0x00000007ad315578) thrown at [/Users/java_re/workspace/8-2-build-macosx-x86_64/jdk8u181/11358/hotspot/src/share/vm/prims/jni.cpp, line 1613]
Event: 442.735 Thread 0x00007fe802589800 Exception <a 'java/lang/NoSuchMethodError': <clinit>> (0x00000007ad3285a8) thrown at [/Users/java_re/workspace/8-2-build-macosx-x86_64/jdk8u181/11358/hotspot/src/share/vm/prims/jni.cpp, line 1613]
Event: 442.736 Thread 0x00007fe802589800 Exception <a 'java/lang/NoSuchMethodError': <clinit>> (0x00000007ad360980) thrown at [/Users/java_re/workspace/8-2-build-macosx-x86_64/jdk8u181/11358/hotspot/src/share/vm/prims/jni.cpp, line 1613]
Event: 442.737 Thread 0x00007fe802589800 Exception <a 'java/lang/NoSuchMethodError': <clinit>> (0x00000007ad3764f0) thrown at [/Users/java_re/workspace/8-2-build-macosx-x86_64/jdk8u181/11358/hotspot/src/share/vm/prims/jni.cpp, line 1613]

Events (10 events):
Event: 445.136 loading class breeze/linalg/VectorLike done
Event: 445.137 loading class org/apache/spark/ml/linalg/Vector
Event: 445.137 loading class org/apache/spark/ml/linalg/Vector done
Event: 445.137 loading class org/apache/spark/mllib/linalg/Vector$class
Event: 445.137 loading class org/apache/spark/mllib/linalg/Vector$class done
Event: 445.138 Thread 0x00007fe803fb5000 Uncommon trap: trap_request=0x000000d3 fr.pc=0x0000000114b30ef8
Event: 445.138 Executing VM operation: RevokeBias
Event: 445.139 Executing VM operation: RevokeBias done
Event: 445.139 Thread 0x00007fe803fb5000 DEOPT PACKING pc=0x0000000114b30ef8 sp=0x00007000064de590
Event: 445.139 Thread 0x00007fe803fb5000 DEOPT UNPACKING pc=0x000000011432673a sp=0x00007000064de538 mode 2


Dynamic libraries:
0x00007fff47ff5000 	/System/Library/Frameworks/Cocoa.framework/Versions/A/Cocoa
0x00007fff545cc000 	/System/Library/Frameworks/Security.framework/Versions/A/Security
0x00007fff46c39000 	/System/Library/Frameworks/ApplicationServices.framework/Versions/A/ApplicationServices
0x00007fff70931000 	/usr/lib/libz.1.dylib
0x00007fff6e86c000 	/usr/lib/libSystem.B.dylib
0x00007fff6ff1b000 	/usr/lib/libobjc.A.dylib
0x00007fff487aa000 	/System/Library/Frameworks/CoreFoundation.framework/Versions/A/CoreFoundation
0x00007fff4a8fe000 	/System/Library/Frameworks/Foundation.framework/Versions/C/Foundation
0x00007fff45d89000 	/System/Library/Frameworks/AppKit.framework/Versions/C/AppKit
0x00007fff4836d000 	/System/Library/Frameworks/CoreData.framework/Versions/A/CoreData
0x00007fff681c0000 	/System/Library/PrivateFrameworks/RemoteViewServices.framework/Versions/A/RemoteViewServices
0x00007fff6c911000 	/System/Library/PrivateFrameworks/UIFoundation.framework/Versions/A/UIFoundation
0x00007fff5d01e000 	/System/Library/PrivateFrameworks/DFRFoundation.framework/Versions/A/DFRFoundation
0x00007fff4cf42000 	/System/Library/Frameworks/Metal.framework/Versions/A/Metal
0x00007fff5d1bb000 	/System/Library/PrivateFrameworks/DesktopServicesPriv.framework/Versions/A/DesktopServicesPriv
0x00007fff6f471000 	/usr/lib/libenergytrace.dylib
0x00007fff6a986000 	/System/Library/PrivateFrameworks/SkyLight.framework/Versions/A/SkyLight
0x00007fff48c4d000 	/System/Library/Frameworks/CoreGraphics.framework/Versions/A/CoreGraphics
0x00007fff6e867000 	/usr/lib/libScreenReader.dylib
0x00007fff44d24000 	/System/Library/Frameworks/Accelerate.framework/Versions/A/Accelerate
0x00007fff4b077000 	/System/Library/Frameworks/IOSurface.framework/Versions/A/IOSurface
0x00007fff47183000 	/System/Library/Frameworks/AudioToolbox.framework/Versions/A/AudioToolbox
0x00007fff47412000 	/System/Library/Frameworks/AudioUnit.framework/Versions/A/AudioUnit
0x00007fff5d0b6000 	/System/Library/PrivateFrameworks/DataDetectorsCore.framework/Versions/A/DataDetectorsCore
0x00007fff47ae8000 	/System/Library/Frameworks/Carbon.framework/Versions/A/Frameworks/HIToolbox.framework/Versions/A/HIToolbox
0x00007fff6f5cb000 	/usr/lib/libicucore.A.dylib
0x00007fff53b4d000 	/System/Library/Frameworks/QuartzCore.framework/Versions/A/QuartzCore
0x00007fff69c3d000 	/System/Library/PrivateFrameworks/SignpostNotification.framework/Versions/A/SignpostNotification
0x00007fff47ece000 	/System/Library/Frameworks/Carbon.framework/Versions/A/Frameworks/SpeechRecognition.framework/Versions/A/SpeechRecognition
0x00007fff6e9c8000 	/usr/lib/libauto.dylib
0x00007fff70820000 	/usr/lib/libxml2.2.dylib
0x00007fff5cc71000 	/System/Library/PrivateFrameworks/CoreUI.framework/Versions/A/CoreUI
0x00007fff48249000 	/System/Library/Frameworks/CoreAudio.framework/Versions/A/CoreAudio
0x00007fff4a738000 	/System/Library/Frameworks/DiskArbitration.framework/Versions/A/DiskArbitration
0x00007fff6f83f000 	/usr/lib/liblangid.dylib
0x00007fff646d0000 	/System/Library/PrivateFrameworks/MultitouchSupport.framework/Versions/A/MultitouchSupport
0x00007fff4afda000 	/System/Library/Frameworks/IOKit.framework/Versions/A/IOKit
0x00007fff6e4f6000 	/usr/lib/libDiagnosticMessagesClient.dylib
0x00007fff49916000 	/System/Library/Frameworks/CoreServices.framework/Versions/A/CoreServices
0x00007fff661fe000 	/System/Library/PrivateFrameworks/PerformanceAnalysis.framework/Versions/A/PerformanceAnalysis
0x00007fff52cef000 	/System/Library/Frameworks/OpenGL.framework/Versions/A/OpenGL
0x00007fff48003000 	/System/Library/Frameworks/ColorSync.framework/Versions/A/ColorSync
0x00007fff4925f000 	/System/Library/Frameworks/CoreImage.framework/Versions/A/CoreImage
0x00007fff4a2a6000 	/System/Library/Frameworks/CoreText.framework/Versions/A/CoreText
0x00007fff4b0d5000 	/System/Library/Frameworks/ImageIO.framework/Versions/A/ImageIO
0x00007fff593b9000 	/System/Library/PrivateFrameworks/Backup.framework/Versions/A/Backup
0x00007fff6e918000 	/usr/lib/libarchive.2.dylib
0x00007fff47734000 	/System/Library/Frameworks/CFNetwork.framework/Versions/A/CFNetwork
0x00007fff54d5c000 	/System/Library/Frameworks/SystemConfiguration.framework/Versions/A/SystemConfiguration
0x00007fff6e41f000 	/usr/lib/libCRFSuite.dylib
0x00007fff6eaa1000 	/usr/lib/libc++.1.dylib
0x00007fff6eaf8000 	/usr/lib/libc++abi.dylib
0x00007fff709df000 	/usr/lib/system/libcache.dylib
0x00007fff709e4000 	/usr/lib/system/libcommonCrypto.dylib
0x00007fff709ef000 	/usr/lib/system/libcompiler_rt.dylib
0x00007fff709f7000 	/usr/lib/system/libcopyfile.dylib
0x00007fff70a01000 	/usr/lib/system/libcorecrypto.dylib
0x00007fff70b0e000 	/usr/lib/system/libdispatch.dylib
0x00007fff70b48000 	/usr/lib/system/libdyld.dylib
0x00007fff70b66000 	/usr/lib/system/libkeymgr.dylib
0x00007fff70b74000 	/usr/lib/system/liblaunch.dylib
0x00007fff70b75000 	/usr/lib/system/libmacho.dylib
0x00007fff70b7a000 	/usr/lib/system/libquarantine.dylib
0x00007fff70b7d000 	/usr/lib/system/libremovefile.dylib
0x00007fff70b7f000 	/usr/lib/system/libsystem_asl.dylib
0x00007fff70b97000 	/usr/lib/system/libsystem_blocks.dylib
0x00007fff70b98000 	/usr/lib/system/libsystem_c.dylib
0x00007fff70c22000 	/usr/lib/system/libsystem_configuration.dylib
0x00007fff70c26000 	/usr/lib/system/libsystem_coreservices.dylib
0x00007fff70c2a000 	/usr/lib/system/libsystem_darwin.dylib
0x00007fff70c2c000 	/usr/lib/system/libsystem_dnssd.dylib
0x00007fff70c33000 	/usr/lib/system/libsystem_info.dylib
0x00007fff70ca4000 	/usr/lib/system/libsystem_m.dylib
0x00007fff70cf0000 	/usr/lib/system/libsystem_malloc.dylib
0x00007fff70d10000 	/usr/lib/system/libsystem_network.dylib
0x00007fff70e41000 	/usr/lib/system/libsystem_networkextension.dylib
0x00007fff70e4c000 	/usr/lib/system/libsystem_notify.dylib
0x00007fff70e6a000 	/usr/lib/system/libsystem_sandbox.dylib
0x00007fff70e6e000 	/usr/lib/system/libsystem_secinit.dylib
0x00007fff70c7d000 	/usr/lib/system/libsystem_kernel.dylib
0x00007fff70e56000 	/usr/lib/system/libsystem_platform.dylib
0x00007fff70e5e000 	/usr/lib/system/libsystem_pthread.dylib
0x00007fff70e70000 	/usr/lib/system/libsystem_symptoms.dylib
0x00007fff70e78000 	/usr/lib/system/libsystem_trace.dylib
0x00007fff70e8d000 	/usr/lib/system/libunwind.dylib
0x00007fff70e93000 	/usr/lib/system/libxpc.dylib
0x00007fff6e332000 	/usr/lib/closure/libclosured.dylib
0x00007fff6ea82000 	/usr/lib/libbsm.0.dylib
0x00007fff70b67000 	/usr/lib/system/libkxld.dylib
0x00007fff6e730000 	/usr/lib/libOpenScriptingUtil.dylib
0x00007fff6edf0000 	/usr/lib/libcoretls.dylib
0x00007fff6ee09000 	/usr/lib/libcoretls_cfhelpers.dylib
0x00007fff7031c000 	/usr/lib/libpam.2.dylib
0x00007fff70443000 	/usr/lib/libsqlite3.dylib
0x00007fff7080f000 	/usr/lib/libxar.1.dylib
0x00007fff6ea93000 	/usr/lib/libbz2.1.0.dylib
0x00007fff6f841000 	/usr/lib/liblzma.5.dylib
0x00007fff6fd22000 	/usr/lib/libnetwork.dylib
0x00007fff6e901000 	/usr/lib/libapple_nghttp2.dylib
0x00007fff70323000 	/usr/lib/libpcap.A.dylib
0x00007fff6e9c9000 	/usr/lib/libboringssl.dylib
0x00007fff707aa000 	/usr/lib/libusrtcp.dylib
0x00007fff6e900000 	/usr/lib/libapple_crypto.dylib
0x00007fff49c99000 	/System/Library/Frameworks/CoreServices.framework/Versions/A/Frameworks/FSEvents.framework/Versions/A/FSEvents
0x00007fff4998c000 	/System/Library/Frameworks/CoreServices.framework/Versions/A/Frameworks/CarbonCore.framework/Versions/A/CarbonCore
0x00007fff49e60000 	/System/Library/Frameworks/CoreServices.framework/Versions/A/Frameworks/Metadata.framework/Versions/A/Metadata
0x00007fff49f11000 	/System/Library/Frameworks/CoreServices.framework/Versions/A/Frameworks/OSServices.framework/Versions/A/OSServices
0x00007fff49f72000 	/System/Library/Frameworks/CoreServices.framework/Versions/A/Frameworks/SearchKit.framework/Versions/A/SearchKit
0x00007fff49917000 	/System/Library/Frameworks/CoreServices.framework/Versions/A/Frameworks/AE.framework/Versions/A/AE
0x00007fff49ca2000 	/System/Library/Frameworks/CoreServices.framework/Versions/A/Frameworks/LaunchServices.framework/Versions/A/LaunchServices
0x00007fff49c64000 	/System/Library/Frameworks/CoreServices.framework/Versions/A/Frameworks/DictionaryServices.framework/Versions/A/DictionaryServices
0x00007fff49fe1000 	/System/Library/Frameworks/CoreServices.framework/Versions/A/Frameworks/SharedFileList.framework/Versions/A/SharedFileList
0x00007fff4e178000 	/System/Library/Frameworks/NetFS.framework/Versions/A/NetFS
0x00007fff64961000 	/System/Library/PrivateFrameworks/NetAuth.framework/Versions/A/NetAuth
0x00007fff6e1c9000 	/System/Library/PrivateFrameworks/login.framework/Versions/A/Frameworks/loginsupport.framework/Versions/A/loginsupport
0x00007fff6c592000 	/System/Library/PrivateFrameworks/TCC.framework/Versions/A/TCC
0x00007fff6f922000 	/usr/lib/libmecabra.dylib
0x00007fff46c3a000 	/System/Library/Frameworks/ApplicationServices.framework/Versions/A/Frameworks/ATS.framework/Versions/A/ATS
0x00007fff46fe8000 	/System/Library/Frameworks/ApplicationServices.framework/Versions/A/Frameworks/ColorSyncLegacy.framework/Versions/A/ColorSyncLegacy
0x00007fff4708c000 	/System/Library/Frameworks/ApplicationServices.framework/Versions/A/Frameworks/HIServices.framework/Versions/A/HIServices
0x00007fff470df000 	/System/Library/Frameworks/ApplicationServices.framework/Versions/A/Frameworks/LangAnalysis.framework/Versions/A/LangAnalysis
0x00007fff470ee000 	/System/Library/Frameworks/ApplicationServices.framework/Versions/A/Frameworks/PrintCore.framework/Versions/A/PrintCore
0x00007fff4713b000 	/System/Library/Frameworks/ApplicationServices.framework/Versions/A/Frameworks/QD.framework/Versions/A/QD
0x00007fff47176000 	/System/Library/Frameworks/ApplicationServices.framework/Versions/A/Frameworks/SpeechSynthesis.framework/Versions/A/SpeechSynthesis
0x00007fff486c4000 	/System/Library/Frameworks/CoreDisplay.framework/Versions/A/CoreDisplay
0x00007fff44d3c000 	/System/Library/Frameworks/Accelerate.framework/Versions/A/Frameworks/vImage.framework/Versions/A/vImage
0x00007fff45a96000 	/System/Library/Frameworks/Accelerate.framework/Versions/A/Frameworks/vecLib.framework/Versions/A/vecLib
0x00007fff45836000 	/System/Library/Frameworks/Accelerate.framework/Versions/A/Frameworks/vecLib.framework/Versions/A/libvDSP.dylib
0x00007fff45396000 	/System/Library/Frameworks/Accelerate.framework/Versions/A/Frameworks/vecLib.framework/Versions/A/libBNNS.dylib
0x00007fff4579b000 	/System/Library/Frameworks/Accelerate.framework/Versions/A/Frameworks/vecLib.framework/Versions/A/libQuadrature.dylib
0x00007fff459e4000 	/System/Library/Frameworks/Accelerate.framework/Versions/A/Frameworks/vecLib.framework/Versions/A/libvMisc.dylib
0x00007fff453c5000 	/System/Library/Frameworks/Accelerate.framework/Versions/A/Frameworks/vecLib.framework/Versions/A/libLAPACK.dylib
0x00007fff4523b000 	/System/Library/Frameworks/Accelerate.framework/Versions/A/Frameworks/vecLib.framework/Versions/A/libBLAS.dylib
0x00007fff45785000 	/System/Library/Frameworks/Accelerate.framework/Versions/A/Frameworks/vecLib.framework/Versions/A/libLinearAlgebra.dylib
0x00007fff457a1000 	/System/Library/Frameworks/Accelerate.framework/Versions/A/Frameworks/vecLib.framework/Versions/A/libSparse.dylib
0x00007fff45822000 	/System/Library/Frameworks/Accelerate.framework/Versions/A/Frameworks/vecLib.framework/Versions/A/libSparseBLAS.dylib
0x00007fff617f7000 	/System/Library/PrivateFrameworks/GPUWrangler.framework/Versions/A/GPUWrangler
0x00007fff62f74000 	/System/Library/PrivateFrameworks/IOAccelerator.framework/Versions/A/IOAccelerator
0x00007fff62f7f000 	/System/Library/PrivateFrameworks/IOPresentment.framework/Versions/A/IOPresentment
0x00007fff5d030000 	/System/Library/PrivateFrameworks/DSExternalDisplay.framework/Versions/A/DSExternalDisplay
0x00007fff5216f000 	/System/Library/Frameworks/OpenGL.framework/Versions/A/Libraries/libCoreFSCache.dylib
0x00007fff4a3f7000 	/System/Library/Frameworks/CoreVideo.framework/Versions/A/CoreVideo
0x00007fff62572000 	/System/Library/PrivateFrameworks/GraphVisualizer.framework/Versions/A/GraphVisualizer
0x00007fff4d179000 	/System/Library/Frameworks/MetalPerformanceShaders.framework/Versions/A/MetalPerformanceShaders
0x00007fff6e52e000 	/usr/lib/libFosl_dynamic.dylib
0x00007fff5e101000 	/System/Library/PrivateFrameworks/FaceCore.framework/Versions/A/FaceCore
0x00007fff50f76000 	/System/Library/Frameworks/OpenCL.framework/Versions/A/OpenCL
0x00007fff6eb2f000 	/usr/lib/libcompression.dylib
0x00007fff46d39000 	/System/Library/Frameworks/ApplicationServices.framework/Versions/A/Frameworks/ATS.framework/Versions/A/Resources/libFontParser.dylib
0x00007fff46e5c000 	/System/Library/Frameworks/ApplicationServices.framework/Versions/A/Frameworks/ATS.framework/Versions/A/Resources/libFontRegistry.dylib
0x00007fff4b33c000 	/System/Library/Frameworks/ImageIO.framework/Versions/A/Resources/libJPEG.dylib
0x00007fff4b665000 	/System/Library/Frameworks/ImageIO.framework/Versions/A/Resources/libTIFF.dylib
0x00007fff4b63b000 	/System/Library/Frameworks/ImageIO.framework/Versions/A/Resources/libPng.dylib
0x00007fff4b24f000 	/System/Library/Frameworks/ImageIO.framework/Versions/A/Resources/libGIF.dylib
0x00007fff4b254000 	/System/Library/Frameworks/ImageIO.framework/Versions/A/Resources/libJP2.dylib
0x00007fff4b662000 	/System/Library/Frameworks/ImageIO.framework/Versions/A/Resources/libRadiance.dylib
0x00007fff58ae6000 	/System/Library/PrivateFrameworks/AppleJPEG.framework/Versions/A/AppleJPEG
0x00007fff4cfe0000 	/System/Library/Frameworks/MetalPerformanceShaders.framework/Frameworks/MPSCore.framework/Versions/A/MPSCore
0x00007fff4cffc000 	/System/Library/Frameworks/MetalPerformanceShaders.framework/Frameworks/MPSImage.framework/Versions/A/MPSImage
0x00007fff4d091000 	/System/Library/Frameworks/MetalPerformanceShaders.framework/Frameworks/MPSNeuralNetwork.framework/Versions/A/MPSNeuralNetwork
0x00007fff4d06c000 	/System/Library/Frameworks/MetalPerformanceShaders.framework/Frameworks/MPSMatrix.framework/Versions/A/MPSMatrix
0x00007fff64442000 	/System/Library/PrivateFrameworks/MetalTools.framework/Versions/A/MetalTools
0x00007fff52339000 	/System/Library/Frameworks/OpenGL.framework/Versions/A/Libraries/libGLU.dylib
0x00007fff5217a000 	/System/Library/Frameworks/OpenGL.framework/Versions/A/Libraries/libGFXShared.dylib
0x00007fff52184000 	/System/Library/Frameworks/OpenGL.framework/Versions/A/Libraries/libGL.dylib
0x00007fff52190000 	/System/Library/Frameworks/OpenGL.framework/Versions/A/Libraries/libGLImage.dylib
0x00007fff5216c000 	/System/Library/Frameworks/OpenGL.framework/Versions/A/Libraries/libCVMSPluginSupport.dylib
0x00007fff52175000 	/System/Library/Frameworks/OpenGL.framework/Versions/A/Libraries/libCoreVMClient.dylib
0x00007fff6f2db000 	/usr/lib/libcups.2.dylib
0x00007fff4c54f000 	/System/Library/Frameworks/Kerberos.framework/Versions/A/Kerberos
0x00007fff4ad34000 	/System/Library/Frameworks/GSS.framework/Versions/A/GSS
0x00007fff703d6000 	/usr/lib/libresolv.9.dylib
0x00007fff6f4d9000 	/usr/lib/libiconv.2.dylib
0x00007fff62604000 	/System/Library/PrivateFrameworks/Heimdal.framework/Versions/A/Heimdal
0x00007fff6f4a8000 	/usr/lib/libheimdal-asn1.dylib
0x00007fff50fe2000 	/System/Library/Frameworks/OpenDirectory.framework/Versions/A/OpenDirectory
0x00007fff5adf6000 	/System/Library/PrivateFrameworks/CommonAuth.framework/Versions/A/CommonAuth
0x00007fff50fc5000 	/System/Library/Frameworks/OpenDirectory.framework/Versions/A/Frameworks/CFOpenDirectory.framework/Versions/A/CFOpenDirectory
0x00007fff548f5000 	/System/Library/Frameworks/SecurityFoundation.framework/Versions/A/SecurityFoundation
0x00007fff57cbd000 	/System/Library/PrivateFrameworks/APFS.framework/Versions/A/APFS
0x00007fff7080b000 	/usr/lib/libutil.dylib
0x00007fff58b69000 	/System/Library/PrivateFrameworks/AppleSauce.framework/Versions/A/AppleSauce
0x00007fff6375c000 	/System/Library/PrivateFrameworks/LinguisticData.framework/Versions/A/LinguisticData
0x00007fff6f85b000 	/usr/lib/libmarisa.dylib
0x00007fff63716000 	/System/Library/PrivateFrameworks/Lexicon.framework/Versions/A/Lexicon
0x00007fff6e459000 	/usr/lib/libChineseTokenizer.dylib
0x00007fff6eb1e000 	/usr/lib/libcmph.dylib
0x00007fff63620000 	/System/Library/PrivateFrameworks/LanguageModeling.framework/Versions/A/LanguageModeling
0x00007fff5b902000 	/System/Library/PrivateFrameworks/CoreEmoji.framework/Versions/A/CoreEmoji
0x00007fff549b3000 	/System/Library/Frameworks/ServiceManagement.framework/Versions/A/ServiceManagement
0x00007fff593b1000 	/System/Library/PrivateFrameworks/BackgroundTaskManagement.framework/Versions/A/BackgroundTaskManagement
0x00007fff70908000 	/usr/lib/libxslt.1.dylib
0x00007fff47df8000 	/System/Library/Frameworks/Carbon.framework/Versions/A/Frameworks/Ink.framework/Versions/A/Ink
0x00007fff6c7a7000 	/System/Library/PrivateFrameworks/TextureIO.framework/Versions/A/TextureIO
0x00007fff6e943000 	/usr/lib/libate.dylib
0x00007fff5cf90000 	/System/Library/PrivateFrameworks/CrashReporterSupport.framework/Versions/A/CrashReporterSupport
0x00007fff69b00000 	/System/Library/PrivateFrameworks/Sharing.framework/Versions/A/Sharing
0x00007fff63362000 	/System/Library/PrivateFrameworks/IconServices.framework/Versions/A/IconServices
0x00007fff5896b000 	/System/Library/PrivateFrameworks/Apple80211.framework/Versions/A/Apple80211
0x00007fff5cda6000 	/System/Library/PrivateFrameworks/CoreUtils.framework/Versions/A/CoreUtils
0x00007fff4a432000 	/System/Library/Frameworks/CoreWLAN.framework/Versions/A/CoreWLAN
0x00007fff4ae76000 	/System/Library/Frameworks/IOBluetooth.framework/Versions/A/IOBluetooth
0x00007fff67fcc000 	/System/Library/PrivateFrameworks/ProtocolBuffer.framework/Versions/A/ProtocolBuffer
0x00007fff5cf2b000 	/System/Library/PrivateFrameworks/CoreWiFi.framework/Versions/A/CoreWiFi
0x00007fff48343000 	/System/Library/Frameworks/CoreBluetooth.framework/Versions/A/CoreBluetooth
0x00007fff5d17a000 	/System/Library/PrivateFrameworks/DebugSymbols.framework/Versions/A/DebugSymbols
0x00007fff5cb5d000 	/System/Library/PrivateFrameworks/CoreSymbolication.framework/Versions/A/CoreSymbolication
0x00007fff6bf99000 	/System/Library/PrivateFrameworks/Symbolication.framework/Versions/A/Symbolication
0x00007fff58995000 	/System/Library/PrivateFrameworks/AppleFSCompression.framework/Versions/A/AppleFSCompression
0x00007fff6b3e8000 	/System/Library/PrivateFrameworks/SpeechRecognitionCore.framework/Versions/A/SpeechRecognitionCore
0x000000010f200000 	/Library/Java/JavaVirtualMachines/jdk1.8.0_181.jdk/Contents/Home/jre/lib/server/libjvm.dylib
0x00007fff706d8000 	/usr/lib/libstdc++.6.0.9.dylib
0x000000010e8c0000 	/Library/Java/JavaVirtualMachines/jdk1.8.0_181.jdk/Contents/Home/jre/lib/libverify.dylib
0x000000010e8ce000 	/Library/Java/JavaVirtualMachines/jdk1.8.0_181.jdk/Contents/Home/jre/lib/libjava.dylib
0x000000010e94e000 	/Library/Java/JavaVirtualMachines/jdk1.8.0_181.jdk/Contents/Home/jre/lib/libzip.dylib
0x0000000126526000 	/Library/Java/JavaVirtualMachines/jdk1.8.0_181.jdk/Contents/Home/jre/lib/libnet.dylib
0x00000001267a1000 	/Library/Java/JavaVirtualMachines/jdk1.8.0_181.jdk/Contents/Home/jre/lib/libmanagement.dylib
0x0000000125d97000 	/Library/Java/JavaVirtualMachines/jdk1.8.0_181.jdk/Contents/Home/jre/lib/libosx.dylib
0x0000000125da5000 	/Library/Java/JavaVirtualMachines/jdk1.8.0_181.jdk/Contents/Home/jre/lib/./libosxapp.dylib
0x00007fff4c538000 	/System/Library/Frameworks/JavaVM.framework/Versions/A/Frameworks/JavaNativeFoundation.framework/Versions/A/JavaNativeFoundation
0x00007fff4c541000 	/System/Library/Frameworks/JavaVM.framework/Versions/A/Frameworks/JavaRuntimeSupport.framework/Versions/A/JavaRuntimeSupport
0x00007fff47ae3000 	/System/Library/Frameworks/Carbon.framework/Versions/A/Carbon
0x00007fff4a8d7000 	/System/Library/Frameworks/ExceptionHandling.framework/Versions/A/ExceptionHandling
0x00007fff47ae4000 	/System/Library/Frameworks/Carbon.framework/Versions/A/Frameworks/CommonPanels.framework/Versions/A/CommonPanels
0x00007fff47dee000 	/System/Library/Frameworks/Carbon.framework/Versions/A/Frameworks/Help.framework/Versions/A/Help
0x00007fff47df2000 	/System/Library/Frameworks/Carbon.framework/Versions/A/Frameworks/ImageCapture.framework/Versions/A/ImageCapture
0x00007fff47e8e000 	/System/Library/Frameworks/Carbon.framework/Versions/A/Frameworks/OpenScripting.framework/Versions/A/OpenScripting
0x00007fff47ec9000 	/System/Library/Frameworks/Carbon.framework/Versions/A/Frameworks/Print.framework/Versions/A/Print
0x00007fff47ecb000 	/System/Library/Frameworks/Carbon.framework/Versions/A/Frameworks/SecurityHI.framework/Versions/A/SecurityHI
0x00007fff4c54a000 	/System/Library/Frameworks/JavaVM.framework/Versions/A/JavaVM
0x00007fff63522000 	/System/Library/PrivateFrameworks/JavaLaunching.framework/Versions/A/JavaLaunching
0x0000000125dc1000 	/Library/Java/JavaVirtualMachines/jdk1.8.0_181.jdk/Contents/Home/jre/lib/libjaas_unix.dylib
0x0000000125dc4000 	/Library/Java/JavaVirtualMachines/jdk1.8.0_181.jdk/Contents/Home/jre/lib/libnio.dylib
0x0000000125cff000 	/private/var/folders/cp/dv7stwvn0jgbsxccczvv4w_00000gn/T/liblz4-java7335453015285016524.dylib

VM Arguments:
jvm_args: -Xmx1g 
java_command: org.apache.spark.deploy.SparkSubmit --conf spark.app.name=home credit model training pyspark-shell
java_class_path (initial): /usr/local/spark-2.3.1-bin-hadoop2.7//conf/:/usr/local/spark-2.3.1-bin-hadoop2.7/jars/breeze-macros_2.11-0.13.2.jar:/usr/local/spark-2.3.1-bin-hadoop2.7/jars/parquet-format-2.3.1.jar:/usr/local/spark-2.3.1-bin-hadoop2.7/jars/hadoop-yarn-client-2.7.3.jar:/usr/local/spark-2.3.1-bin-hadoop2.7/jars/chill_2.11-0.8.4.jar:/usr/local/spark-2.3.1-bin-hadoop2.7/jars/avro-mapred-1.7.7-hadoop2.jar:/usr/local/spark-2.3.1-bin-hadoop2.7/jars/avro-ipc-1.7.7.jar:/usr/local/spark-2.3.1-bin-hadoop2.7/jars/stream-2.7.0.jar:/usr/local/spark-2.3.1-bin-hadoop2.7/jars/calcite-core-1.2.0-incubating.jar:/usr/local/spark-2.3.1-bin-hadoop2.7/jars/spark-mllib_2.11-2.3.1.jar:/usr/local/spark-2.3.1-bin-hadoop2.7/jars/machinist_2.11-0.6.1.jar:/usr/local/spark-2.3.1-bin-hadoop2.7/jars/jersey-media-jaxb-2.22.2.jar:/usr/local/spark-2.3.1-bin-hadoop2.7/jars/spark-hive_2.11-2.3.1.jar:/usr/local/spark-2.3.1-bin-hadoop2.7/jars/spark-sketch_2.11-2.3.1.jar:/usr/local/spark-2.3.1-bin-hadoop2.7/jars/jackson-module-jaxb-annotations-2.6.7.jar:/usr/local/spark-2.3.1-bin-hadoop2.7/jars/minlog-1.3.0.jar:/usr/local/spark-2.3.1-bin-hadoop2.7/jars/hadoop-auth-2.7.3.jar:/usr/local/spark-2.3.1-bin-hadoop2.7/jars/jersey-client-2.22.2.jar:/usr/local/spark-2.3.1-bin-hadoop2.7/jars/javolution-5.5.1.jar:/usr/local/spark-2.3.1-bin-hadoop2.7/jars/jta-1.1.jar:/usr/local/spark-2.3.1-bin-hadoop2.7/jars/pyrolite-4.13.jar:/usr/local/spark-2.3.1-bin-hadoop2.7/jars/jsr305-1.3.9.jar:/usr/local/spark-2.3.1-bin-hadoop2.7/jars/aopalliance-1.0.jar:/usr/local/spark-2.3.1-bin-hadoop2.7/jars/commons-configuration-1.6.jar:/usr/local/spark-2.3.1-bin-hadoop2.7/jars/commons-beanutils-1.7.0.jar:/usr/local/spark-2.3.1-bin-hadoop2.7/jars/guice-servlet-3.0.jar:/usr/local/spark-2.3.1-bin-hadoop2.7/jars/RoaringBitmap-0.5.11.jar:/usr/local/spark-2.3.1-bin-hadoop2.7/jars/xz-1.0.jar:/usr/local/spark-2.3.1-bin-hadoop2.7/jars/janino-3.0.8.jar:/usr/local/spark-2.3.1-bin-hadoop2.7/jars/hadoop-yarn-server-common-2.7.3.jar:/usr/l
Launcher Type: SUN_STANDARD

Environment Variables:
JAVA_HOME=/Library/Java/JavaVirtualMachines/jdk1.8.0_181.jdk/Contents/Home
JRE_HOME=/Library/Java/JavaVirtualMachines/jdk1.8.0_181.jdk/Contents/Home/jre
CLASSPATH=/Library/Java/JavaVirtualMachines/jdk1.8.0_181.jdk/Contents/Home/lib:/Library/Java/JavaVirtualMachines/jdk1.8.0_181.jdk/Contents/Home/jre/lib:
PATH=/Users/michaelyang/anaconda3/bin:/Library/Java/JavaVirtualMachines/jdk1.8.0_181.jdk/Contents/Home/bin:/Library/Java/JavaVirtualMachines/jdk1.8.0_181.jdk/Contents/Home/jre/bin:/usr/local/hadoop-3.1.1/bin:/usr/local/bin:/usr/bin:/bin:/usr/sbin:/sbin
SHELL=/bin/bash

Signal Handlers:
SIGSEGV: [libjvm.dylib+0x5b6029], sa_mask[0]=11111111011111110111111111111111, sa_flags=SA_ONSTACK|SA_RESTART|SA_SIGINFO
SIGBUS: [libjvm.dylib+0x5b6029], sa_mask[0]=11111111011111110111111111111111, sa_flags=SA_RESTART|SA_SIGINFO
SIGFPE: [libjvm.dylib+0x48b934], sa_mask[0]=11111111011111110111111111111111, sa_flags=SA_RESTART|SA_SIGINFO
SIGPIPE: [libjvm.dylib+0x48b934], sa_mask[0]=11111111011111110111111111111111, sa_flags=SA_RESTART|SA_SIGINFO
SIGXFSZ: [libjvm.dylib+0x48b934], sa_mask[0]=11111111011111110111111111111111, sa_flags=SA_RESTART|SA_SIGINFO
SIGILL: [libjvm.dylib+0x48b934], sa_mask[0]=11111111011111110111111111111111, sa_flags=SA_RESTART|SA_SIGINFO
SIGUSR1: SIG_DFL, sa_mask[0]=00000000000000000000000000000000, sa_flags=none
SIGUSR2: [libjvm.dylib+0x48b452], sa_mask[0]=00100000000000000000000000000000, sa_flags=SA_RESTART|SA_SIGINFO
SIGHUP: [libjvm.dylib+0x489a1d], sa_mask[0]=11111111011111110111111111111111, sa_flags=SA_RESTART|SA_SIGINFO
SIGINT: SIG_IGN, sa_mask[0]=00000000000000000000000000000000, sa_flags=none
SIGTERM: [libjvm.dylib+0x489a1d], sa_mask[0]=11111111011111110111111111111111, sa_flags=SA_RESTART|SA_SIGINFO
SIGQUIT: [libjvm.dylib+0x489a1d], sa_mask[0]=11111111011111110111111111111111, sa_flags=SA_RESTART|SA_SIGINFO


---------------  S Y S T E M  ---------------

OS:Bsduname:Darwin 17.5.0 Darwin Kernel Version 17.5.0: Mon Mar  5 22:24:32 PST 2018; root:xnu-4570.51.1~1/RELEASE_X86_64 x86_64
rlimit: STACK 8192k, CORE 0k, NPROC 709, NOFILE 10240, AS infinity
load average:4.21 2.96 2.61

CPU:total 4 (initial active 4) (2 cores per cpu, 2 threads per core) family 6 model 142 stepping 9, cmov, cx8, fxsr, mmx, sse, sse2, sse3, ssse3, sse4.1, sse4.2, popcnt, avx, avx2, aes, clmul, erms, rtm, 3dnowpref, lzcnt, ht, tsc, tscinvbit, bmi1, bmi2, adx

Memory: 4k page, physical 8388608k(62672k free)

/proc/meminfo:


vm_info: Java HotSpot(TM) 64-Bit Server VM (25.181-b13) for bsd-amd64 JRE (1.8.0_181-b13), built on Jul  7 2018 01:02:31 by "java_re" with gcc 4.2.1 (Based on Apple Inc. build 5658) (LLVM build 2336.11.00)

time: Tue Dec  4 20:15:06 2018
elapsed time: 445 seconds (0d 0h 7m 25s)

